<?xml version="1.0" encoding="UTF-8"?>
<testng-results skipped="0" failed="0" ignored="0" total="1" passed="1">
  <reporter-output>
    <line>
      <![CDATA[Hi]]>
    </line>
  </reporter-output>
  <suite name="Default suite" duration-ms="116" started-at="2017-04-13T08:06:35Z" finished-at="2017-04-13T08:06:36Z">
    <groups>
    </groups>
    <test name="Default test" duration-ms="116" started-at="2017-04-13T08:06:35Z" finished-at="2017-04-13T08:06:36Z">
      <class name="maven.MavenTest">
        <test-method status="PASS" signature="test()[pri:0, instance:maven.MavenTest@28d25987]" name="test" duration-ms="41" started-at="2017-04-13T13:36:36Z" finished-at="2017-04-13T13:36:36Z">
          <reporter-output>
            <line>
              <![CDATA[Hi]]>
            </line>
          </reporter-output>
        </test-method> <!-- test -->
      </class> <!-- maven.MavenTest -->
    </test> <!-- Default test -->
  </suite> <!-- Default suite -->
</testng-results>
